#
# There is insufficient memory for the Java Runtime Environment to continue.
# Native memory allocation (malloc) failed to allocate 2035952 bytes for Chunk::new
# Possible reasons:
#   The system is out of physical RAM or swap space
#   In 32 bit mode, the process size limit was hit
# Possible solutions:
#   Reduce memory load on the system
#   Increase physical memory or swap space
#   Check if swap backing store is full
#   Use 64 bit Java on a 64 bit OS
#   Decrease Java heap size (-Xmx/-Xms)
#   Decrease number of Java threads
#   Decrease Java thread stack sizes (-Xss)
#   Set larger code cache with -XX:ReservedCodeCacheSize=
# This output file may be truncated or incomplete.
#
#  Out of Memory Error (allocation.cpp:390), pid=5532, tid=0x000000000000122c
#
# JRE version: OpenJDK Runtime Environment (8.0_152-b01) (build 1.8.0_152-release-915-b01)
# Java VM: OpenJDK 64-Bit Server VM (25.152-b01 mixed mode windows-amd64 compressed oops)
# Failed to write core dump. Minidumps are not enabled by default on client versions of Windows
#

---------------  T H R E A D  ---------------

Current thread (0x0000000016190000):  JavaThread "C2 CompilerThread1" daemon [_thread_in_native, id=4652, stack(0x00000000178e0000,0x00000000179e0000)]

Stack: [0x00000000178e0000,0x00000000179e0000]
[error occurred during error reporting (printing stack bounds), id 0xc0000005]

Native frames: (J=compiled Java code, j=interpreted, Vv=VM code, C=native code)


Current CompileTask:
C2:  11777 3804   !   4       java.net.URLClassLoader$1::run (63 bytes)


---------------  P R O C E S S  ---------------

Java Threads: ( => current thread )
  0x00000000193e1000 JavaThread "Memory manager" [_thread_blocked, id=2632, stack(0x0000000020cc0000,0x0000000020dc0000)]
  0x00000000193dc800 JavaThread "pool-1-thread-1" [_thread_blocked, id=5508, stack(0x0000000020720000,0x0000000020820000)]
  0x00000000193df800 JavaThread "build operations Thread 4" [_thread_blocked, id=2832, stack(0x0000000020420000,0x0000000020520000)]
  0x00000000193de800 JavaThread "build operations Thread 3" [_thread_blocked, id=3168, stack(0x0000000020320000,0x0000000020420000)]
  0x00000000193db800 JavaThread "build operations Thread 2" [_thread_blocked, id=4444, stack(0x0000000020220000,0x0000000020320000)]
  0x00000000193de000 JavaThread "build operations" [_thread_blocked, id=5640, stack(0x000000001eba0000,0x000000001eca0000)]
  0x00000000193dd000 JavaThread "Cache worker for Artifact transforms cache (C:\Users\2018.ACER\.gradle\caches\transforms-1)" [_thread_blocked, id=3052, stack(0x000000001d430000,0x000000001d530000)]
  0x000000001936b000 JavaThread "Cache worker for file hash cache (E:\aya\STaxijson2\.gradle\4.1\fileHashes)" [_thread_blocked, id=5588, stack(0x000000001bf60000,0x000000001c060000)]
  0x00000000197b7000 JavaThread "File lock request listener" [_thread_in_native, id=2072, stack(0x000000001be60000,0x000000001bf60000)]
  0x0000000018f2a800 JavaThread "Cache worker for file hash cache (C:\Users\2018.ACER\.gradle\caches\4.1\fileHashes)" [_thread_blocked, id=4028, stack(0x000000001bb60000,0x000000001bc60000)]
  0x00000000190cd800 JavaThread "Stdin handler" [_thread_blocked, id=6096, stack(0x000000001ba60000,0x000000001bb60000)]
  0x00000000191a7800 JavaThread "Asynchronous log dispatcher for DefaultDaemonConnection: socket connection from /127.0.0.1:50491 to /127.0.0.1:50492" [_thread_blocked, id=5620, stack(0x000000001b960000,0x000000001ba60000)]
  0x0000000019727800 JavaThread "Daemon worker" [_thread_blocked, id=5596, stack(0x000000001b860000,0x000000001b960000)]
  0x000000001915f800 JavaThread "Cancel handler" [_thread_blocked, id=4496, stack(0x000000001b760000,0x000000001b860000)]
  0x0000000019832800 JavaThread "Handler for socket connection from /127.0.0.1:50491 to /127.0.0.1:50492" [_thread_in_native, id=4852, stack(0x000000001b460000,0x000000001b560000)]
  0x00000000191e8000 JavaThread "Daemon" [_thread_blocked, id=5524, stack(0x000000001b360000,0x000000001b460000)]
  0x00000000191b6000 JavaThread "Daemon periodic checks" [_thread_blocked, id=5968, stack(0x000000001b260000,0x000000001b360000)]
  0x00000000191e3800 JavaThread "Incoming local TCP Connector on port 50491" [_thread_in_native, id=4340, stack(0x000000001ad60000,0x000000001ae60000)]
  0x0000000017b08800 JavaThread "Service Thread" daemon [_thread_blocked, id=3256, stack(0x0000000017ee0000,0x0000000017fe0000)]
  0x0000000016196800 JavaThread "C1 CompilerThread2" daemon [_thread_blocked, id=2192, stack(0x00000000179e0000,0x0000000017ae0000)]
=>0x0000000016190000 JavaThread "C2 CompilerThread1" daemon [_thread_in_native, id=4652, stack(0x00000000178e0000,0x00000000179e0000)]
  0x000000001618b000 JavaThread "C2 CompilerThread0" daemon [_thread_in_native, id=1664, stack(0x00000000177e0000,0x00000000178e0000)]
  0x0000000016189800 JavaThread "Attach Listener" daemon [_thread_blocked, id=1648, stack(0x00000000176e0000,0x00000000177e0000)]
  0x0000000016188000 JavaThread "Signal Dispatcher" daemon [_thread_blocked, id=1908, stack(0x00000000175e0000,0x00000000176e0000)]
  0x000000000281c000 JavaThread "Finalizer" daemon [_thread_blocked, id=5032, stack(0x00000000173e0000,0x00000000174e0000)]
  0x0000000002810800 JavaThread "Reference Handler" daemon [_thread_blocked, id=960, stack(0x00000000172e0000,0x00000000173e0000)]
  0x00000000024dd800 JavaThread "main" [_thread_blocked, id=1072, stack(0x0000000002620000,0x0000000002720000)]

Other Threads:
  0x0000000016155800 VMThread [stack: 0x00000000171e0000,0x00000000172e0000] [id=924]
  0x00000000161eb800 WatcherThread [stack: 0x0000000017fe0000,0x00000000180e0000] [id=592]

VM state:at safepoint (normal execution)

VM Mutex/Monitor currently owned by a thread:  ([mutex/lock_event])
[0x00000000024dc4a0] Threads_lock - owner thread: 0x0000000016155800
[0x00000000024dc920] Heap_lock - owner thread: 0x0000000019727800

Heap:
 PSYoungGen      total 98816K, used 88064K [0x00000000e0000000, 0x00000000e8180000, 0x0000000100000000)
  eden space 88064K, 100% used [0x00000000e0000000,0x00000000e5600000,0x00000000e5600000)
  from space 10752K, 0% used [0x00000000e5600000,0x00000000e5600000,0x00000000e6080000)
  to   space 11776K, 69% used [0x00000000e7600000,0x00000000e7df41a8,0x00000000e8180000)
 ParOldGen       total 60416K, used 15944K [0x00000000a0000000, 0x00000000a3b00000, 0x00000000e0000000)
  object space 60416K, 26% used [0x00000000a0000000,0x00000000a0f92358,0x00000000a3b00000)
 Metaspace       used 40753K, capacity 41667K, committed 42072K, reserved 1085440K
  class space    used 5409K, capacity 5710K, committed 5760K, reserved 1048576K

Card table byte_map: [0x0000000011be0000,0x0000000011ef0000] byte_map_base: 0x00000000116e0000

Marking Bits: (ParMarkBitMap*) 0x000000006b133950
 Begin Bits: [0x00000000124f0000, 0x0000000013cf0000)
 End Bits:   [0x0000000013cf0000, 0x00000000154f0000)

Polling page: 0x00000000024b0000

CodeCache: size=245760Kb used=13466Kb max_used=13466Kb free=232293Kb
 bounds [0x0000000002820000, 0x0000000003560000, 0x0000000011820000]
 total_blobs=4695 nmethods=3971 adapters=636
 compilation: enabled

Compilation events (10 events):
Event: 11.723 Thread 0x0000000016196800 4488   !   2       sun.security.util.DerValue::encode (87 bytes)
Event: 11.724 Thread 0x0000000016196800 nmethod 4488 0x000000000354c790 code [0x000000000354c960, 0x000000000354d248]
Event: 11.724 Thread 0x0000000016196800 4489       1       sun.security.x509.X509AttributeName::getPrefix (5 bytes)
Event: 11.724 Thread 0x0000000016196800 nmethod 4489 0x000000000354d890 code [0x000000000354d9e0, 0x000000000354daf0]
Event: 11.728 Thread 0x0000000016196800 4493       2       sun.security.util.SignatureFileVerifier::updateSigners (132 bytes)
Event: 11.730 Thread 0x0000000016196800 nmethod 4493 0x000000000354db50 code [0x000000000354dd60, 0x000000000354e528]
Event: 11.730 Thread 0x0000000016196800 4494       2       sun.security.util.SignatureFileVerifier::matches (93 bytes)
Event: 11.731 Thread 0x0000000016196800 nmethod 4494 0x000000000354ec90 code [0x000000000354ee60, 0x000000000354f5d8]
Event: 11.736 Thread 0x0000000016196800 4496       2       java.util.jar.Manifest::read (328 bytes)
Event: 11.738 Thread 0x0000000016196800 nmethod 4496 0x000000000354fdd0 code [0x0000000003550080, 0x0000000003550fb8]

GC Heap History (10 events):
Event: 3.491 GC heap after
Heap after GC invocations=7 (full 1):
 PSYoungGen      total 69120K, used 0K [0x00000000e0000000, 0x00000000e4f00000, 0x0000000100000000)
  eden space 61952K, 0% used [0x00000000e0000000,0x00000000e0000000,0x00000000e3c80000)
  from space 7168K, 0% used [0x00000000e4500000,0x00000000e4500000,0x00000000e4c00000)
  to   space 8704K, 0% used [0x00000000e3c80000,0x00000000e3c80000,0x00000000e4500000)
 ParOldGen       total 41472K, used 12106K [0x00000000a0000000, 0x00000000a2880000, 0x00000000e0000000)
  object space 41472K, 29% used [0x00000000a0000000,0x00000000a0bd28d8,0x00000000a2880000)
 Metaspace       used 20586K, capacity 21110K, committed 21248K, reserved 1067008K
  class space    used 2841K, capacity 3010K, committed 3072K, reserved 1048576K
}
Event: 4.499 GC heap before
{Heap before GC invocations=8 (full 1):
 PSYoungGen      total 69120K, used 61952K [0x00000000e0000000, 0x00000000e4f00000, 0x0000000100000000)
  eden space 61952K, 100% used [0x00000000e0000000,0x00000000e3c80000,0x00000000e3c80000)
  from space 7168K, 0% used [0x00000000e4500000,0x00000000e4500000,0x00000000e4c00000)
  to   space 8704K, 0% used [0x00000000e3c80000,0x00000000e3c80000,0x00000000e4500000)
 ParOldGen       total 41472K, used 12106K [0x00000000a0000000, 0x00000000a2880000, 0x00000000e0000000)
  object space 41472K, 29% used [0x00000000a0000000,0x00000000a0bd28d8,0x00000000a2880000)
 Metaspace       used 25168K, capacity 25838K, committed 25984K, reserved 1071104K
  class space    used 3482K, capacity 3702K, committed 3712K, reserved 1048576K
Event: 4.514 GC heap after
Heap after GC invocations=8 (full 1):
 PSYoungGen      total 70656K, used 7226K [0x00000000e0000000, 0x00000000e6c00000, 0x0000000100000000)
  eden space 61952K, 0% used [0x00000000e0000000,0x00000000e0000000,0x00000000e3c80000)
  from space 8704K, 83% used [0x00000000e3c80000,0x00000000e438e888,0x00000000e4500000)
  to   space 9728K, 0% used [0x00000000e6280000,0x00000000e6280000,0x00000000e6c00000)
 ParOldGen       total 41472K, used 12114K [0x00000000a0000000, 0x00000000a2880000, 0x00000000e0000000)
  object space 41472K, 29% used [0x00000000a0000000,0x00000000a0bd48d8,0x00000000a2880000)
 Metaspace       used 25168K, capacity 25838K, committed 25984K, reserved 1071104K
  class space    used 3482K, capacity 3702K, committed 3712K, reserved 1048576K
}
Event: 7.383 GC heap before
{Heap before GC invocations=9 (full 1):
 PSYoungGen      total 70656K, used 69178K [0x00000000e0000000, 0x00000000e6c00000, 0x0000000100000000)
  eden space 61952K, 100% used [0x00000000e0000000,0x00000000e3c80000,0x00000000e3c80000)
  from space 8704K, 83% used [0x00000000e3c80000,0x00000000e438e888,0x00000000e4500000)
  to   space 9728K, 0% used [0x00000000e6280000,0x00000000e6280000,0x00000000e6c00000)
 ParOldGen       total 41472K, used 12114K [0x00000000a0000000, 0x00000000a2880000, 0x00000000e0000000)
  object space 41472K, 29% used [0x00000000a0000000,0x00000000a0bd48d8,0x00000000a2880000)
 Metaspace       used 30134K, capacity 30680K, committed 30976K, reserved 1075200K
  class space    used 4117K, capacity 4291K, committed 4352K, reserved 1048576K
Event: 7.396 GC heap after
Heap after GC invocations=9 (full 1):
 PSYoungGen      total 96768K, used 8382K [0x00000000e0000000, 0x00000000e6b00000, 0x0000000100000000)
  eden space 88064K, 0% used [0x00000000e0000000,0x00000000e0000000,0x00000000e5600000)
  from space 8704K, 96% used [0x00000000e6280000,0x00000000e6aaf8e0,0x00000000e6b00000)
  to   space 10752K, 0% used [0x00000000e5600000,0x00000000e5600000,0x00000000e6080000)
 ParOldGen       total 41472K, used 12122K [0x00000000a0000000, 0x00000000a2880000, 0x00000000e0000000)
  object space 41472K, 29% used [0x00000000a0000000,0x00000000a0bd68d8,0x00000000a2880000)
 Metaspace       used 30134K, capacity 30680K, committed 30976K, reserved 1075200K
  class space    used 4117K, capacity 4291K, committed 4352K, reserved 1048576K
}
Event: 10.495 GC heap before
{Heap before GC invocations=10 (full 1):
 PSYoungGen      total 96768K, used 74286K [0x00000000e0000000, 0x00000000e6b00000, 0x0000000100000000)
  eden space 88064K, 74% used [0x00000000e0000000,0x00000000e405c160,0x00000000e5600000)
  from space 8704K, 96% used [0x00000000e6280000,0x00000000e6aaf8e0,0x00000000e6b00000)
  to   space 10752K, 0% used [0x00000000e5600000,0x00000000e5600000,0x00000000e6080000)
 ParOldGen       total 41472K, used 12122K [0x00000000a0000000, 0x00000000a2880000, 0x00000000e0000000)
  object space 41472K, 29% used [0x00000000a0000000,0x00000000a0bd68d8,0x00000000a2880000)
 Metaspace       used 34432K, capacity 35273K, committed 35416K, reserved 1079296K
  class space    used 4677K, capacity 4957K, committed 4992K, reserved 1048576K
Event: 10.513 GC heap after
Heap after GC invocations=10 (full 1):
 PSYoungGen      total 98816K, used 9955K [0x00000000e0000000, 0x00000000e8180000, 0x0000000100000000)
  eden space 88064K, 0% used [0x00000000e0000000,0x00000000e0000000,0x00000000e5600000)
  from space 10752K, 92% used [0x00000000e5600000,0x00000000e5fb8dc0,0x00000000e6080000)
  to   space 11776K, 0% used [0x00000000e7600000,0x00000000e7600000,0x00000000e8180000)
 ParOldGen       total 41472K, used 12194K [0x00000000a0000000, 0x00000000a2880000, 0x00000000e0000000)
  object space 41472K, 29% used [0x00000000a0000000,0x00000000a0be88e8,0x00000000a2880000)
 Metaspace       used 34432K, capacity 35273K, committed 35416K, reserved 1079296K
  class space    used 4677K, capacity 4957K, committed 4992K, reserved 1048576K
}
Event: 10.513 GC heap before
{Heap before GC invocations=11 (full 2):
 PSYoungGen      total 98816K, used 9955K [0x00000000e0000000, 0x00000000e8180000, 0x0000000100000000)
  eden space 88064K, 0% used [0x00000000e0000000,0x00000000e0000000,0x00000000e5600000)
  from space 10752K, 92% used [0x00000000e5600000,0x00000000e5fb8dc0,0x00000000e6080000)
  to   space 11776K, 0% used [0x00000000e7600000,0x00000000e7600000,0x00000000e8180000)
 ParOldGen       total 41472K, used 12194K [0x00000000a0000000, 0x00000000a2880000, 0x00000000e0000000)
  object space 41472K, 29% used [0x00000000a0000000,0x00000000a0be88e8,0x00000000a2880000)
 Metaspace       used 34432K, capacity 35273K, committed 35416K, reserved 1079296K
  class space    used 4677K, capacity 4957K, committed 4992K, reserved 1048576K
Event: 10.647 GC heap after
Heap after GC invocations=11 (full 2):
 PSYoungGen      total 98816K, used 0K [0x00000000e0000000, 0x00000000e8180000, 0x0000000100000000)
  eden space 88064K, 0% used [0x00000000e0000000,0x00000000e0000000,0x00000000e5600000)
  from space 10752K, 0% used [0x00000000e5600000,0x00000000e5600000,0x00000000e6080000)
  to   space 11776K, 0% used [0x00000000e7600000,0x00000000e7600000,0x00000000e8180000)
 ParOldGen       total 60416K, used 15936K [0x00000000a0000000, 0x00000000a3b00000, 0x00000000e0000000)
  object space 60416K, 26% used [0x00000000a0000000,0x00000000a0f90358,0x00000000a3b00000)
 Metaspace       used 34432K, capacity 35273K, committed 35416K, reserved 1079296K
  class space    used 4677K, capacity 4957K, committed 4992K, reserved 1048576K
}
Event: 11.760 GC heap before
{Heap before GC invocations=12 (full 2):
 PSYoungGen      total 98816K, used 88064K [0x00000000e0000000, 0x00000000e8180000, 0x0000000100000000)
  eden space 88064K, 100% used [0x00000000e0000000,0x00000000e5600000,0x00000000e5600000)
  from space 10752K, 0% used [0x00000000e5600000,0x00000000e5600000,0x00000000e6080000)
  to   space 11776K, 0% used [0x00000000e7600000,0x00000000e7600000,0x00000000e8180000)
 ParOldGen       total 60416K, used 15936K [0x00000000a0000000, 0x00000000a3b00000, 0x00000000e0000000)
  object space 60416K, 26% used [0x00000000a0000000,0x00000000a0f90358,0x00000000a3b00000)
 Metaspace       used 40753K, capacity 41667K, committed 42072K, reserved 1085440K
  class space    used 5409K, capacity 5710K, committed 5760K, reserved 1048576K

Deoptimization events (10 events):
Event: 11.076 Thread 0x0000000019727800 Uncommon trap: reason=unstable_if action=reinterpret pc=0x00000000030c6d28 method=java.util.HashMap.putVal(ILjava/lang/Object;Ljava/lang/Object;ZZ)Ljava/lang/Object; @ 162
Event: 11.077 Thread 0x0000000019727800 Uncommon trap: reason=unstable_if action=reinterpret pc=0x0000000002a8b270 method=java.util.HashMap.resize()[Ljava/util/HashMap$Node; @ 206
Event: 11.090 Thread 0x0000000019727800 Uncommon trap: reason=unstable_if action=reinterpret pc=0x00000000032d5228 method=java.util.HashMap.removeNode(ILjava/lang/Object;Ljava/lang/Object;ZZ)Ljava/util/HashMap$Node; @ 58
Event: 11.392 Thread 0x0000000019727800 Uncommon trap: reason=unstable_if action=reinterpret pc=0x0000000002c71e7c method=java.lang.CharacterDataLatin1.isWhitespace(I)Z @ 14
Event: 11.418 Thread 0x0000000019727800 Uncommon trap: reason=unstable_if action=reinterpret pc=0x0000000003073aec method=java.security.CodeSource.getCertificates()[Ljava/security/cert/Certificate; @ 22
Event: 11.419 Thread 0x0000000019727800 Uncommon trap: reason=unstable_if action=reinterpret pc=0x00000000030ea704 method=java.util.jar.JarFile.maybeInstantiateVerifier()V @ 75
Event: 11.419 Thread 0x0000000019727800 Uncommon trap: reason=class_check action=maybe_recompile pc=0x0000000002a55764 method=java.util.jar.JarFile.getJarEntry(Ljava/lang/String;)Ljava/util/jar/JarEntry; @ 2
Event: 11.420 Thread 0x0000000019727800 Uncommon trap: reason=class_check action=maybe_recompile pc=0x0000000002a55764 method=java.util.jar.JarFile.getJarEntry(Ljava/lang/String;)Ljava/util/jar/JarEntry; @ 2
Event: 11.421 Thread 0x0000000019727800 Uncommon trap: reason=class_check action=maybe_recompile pc=0x0000000002a55764 method=java.util.jar.JarFile.getJarEntry(Ljava/lang/String;)Ljava/util/jar/JarEntry; @ 2
Event: 11.421 Thread 0x0000000019727800 Uncommon trap: reason=class_check action=maybe_recompile pc=0x0000000002a55764 method=java.util.jar.JarFile.getJarEntry(Ljava/lang/String;)Ljava/util/jar/JarEntry; @ 2

Classes redefined (0 events):
No events

Internal exceptions (10 events):
Event: 10.248 Thread 0x0000000019727800 Exception <a 'java/lang/ClassNotFoundException': groovy/util/AntBuilderCustomizer> (0x00000000e3b12518) thrown at [D:\src\AOSP-openjdk-cygwin\jdk8u\hotspot\src\share\vm\classfile\systemDictionary.cpp, line 210]
Event: 10.249 Thread 0x0000000019727800 Exception <a 'java/lang/ClassNotFoundException': org/gradle/api/AntBuilderCustomizer> (0x00000000e3b3aa30) thrown at [D:\src\AOSP-openjdk-cygwin\jdk8u\hotspot\src\share\vm\classfile\systemDictionary.cpp, line 210]
Event: 10.251 Thread 0x0000000019727800 Exception <a 'java/lang/ClassNotFoundException': org/gradle/api/internal/project/ant/BasicAntBuilderCustomizer> (0x00000000e3b76f38) thrown at [D:\src\AOSP-openjdk-cygwin\jdk8u\hotspot\src\share\vm\classfile\systemDictionary.cpp, line 210]
Event: 10.252 Thread 0x0000000019727800 Exception <a 'java/lang/ClassNotFoundException': org/gradle/api/internal/project/DefaultAntBuilderCustomizer> (0x00000000e3bba1e8) thrown at [D:\src\AOSP-openjdk-cygwin\jdk8u\hotspot\src\share\vm\classfile\systemDictionary.cpp, line 210]
Event: 10.722 Thread 0x0000000019727800 Implicit null exception at 0x00000000029cd2c0 to 0x00000000029cd383
Event: 10.733 Thread 0x0000000019727800 Exception <a 'sun/nio/fs/WindowsException'> (0x00000000e04ebab8) thrown at [D:\src\AOSP-openjdk-cygwin\jdk8u\hotspot\src\share\vm\prims\jni.cpp, line 709]
Event: 11.595 Thread 0x0000000019727800 Exception <a 'java/lang/ClassNotFoundException': com/android/build/gradle/internal/api/DefaultAndroidSourceSet_DecoratedBeanInfo> (0x00000000e44d80d0) thrown at [D:\src\AOSP-openjdk-cygwin\jdk8u\hotspot\src\share\vm\classfile\systemDictionary.cpp, line 21
Event: 11.596 Thread 0x0000000019727800 Exception <a 'java/lang/ClassNotFoundException': com/android/build/gradle/internal/api/DefaultAndroidSourceSetBeanInfo> (0x00000000e44ef6b8) thrown at [D:\src\AOSP-openjdk-cygwin\jdk8u\hotspot\src\share\vm\classfile\systemDictionary.cpp, line 210]
Event: 11.596 Thread 0x0000000019727800 Exception <a 'java/lang/ClassNotFoundException': com/android/build/gradle/internal/api/DefaultAndroidSourceSetCustomizer> (0x00000000e4507090) thrown at [D:\src\AOSP-openjdk-cygwin\jdk8u\hotspot\src\share\vm\classfile\systemDictionary.cpp, line 210]
Event: 11.598 Thread 0x0000000019727800 Exception <a 'java/lang/ClassNotFoundException': com/android/build/gradle/internal/api/DefaultAndroidSourceSet_DecoratedCustomizer> (0x00000000e4562f88) thrown at [D:\src\AOSP-openjdk-cygwin\jdk8u\hotspot\src\share\vm\classfile\systemDictionary.cpp, line 

Events (10 events):
Event: 11.696 Thread 0x0000000019727800 DEOPT UNPACKING pc=0x00000000028675bf sp=0x000000001b957fd0 mode 0
Event: 11.697 loading class java/math/SignedMutableBigInteger
Event: 11.697 loading class java/math/SignedMutableBigInteger done
Event: 11.730 loading class org/bouncycastle/operator/OperatorException
Event: 11.730 loading class org/bouncycastle/operator/OperatorException done
Event: 11.731 loading class java/security/cert/CertificateException
Event: 11.731 loading class java/security/cert/CertificateException done
Event: 11.731 loading class org/bouncycastle/jce/provider/BouncyCastleProvider
Event: 11.731 loading class org/bouncycastle/jce/provider/BouncyCastleProvider done
Event: 11.759 Executing VM operation: ParallelGCFailedAllocation


Dynamic libraries:
0x00007ff7b8060000 - 0x00007ff7b8091000 	C:\Program Files\Android\Android Studio\jre\bin\java.exe
0x00007ffb976c0000 - 0x00007ffb97869000 	C:\Windows\SYSTEM32\ntdll.dll
0x00007ffb95190000 - 0x00007ffb952c9000 	C:\Windows\system32\KERNEL32.DLL
0x00007ffb94e40000 - 0x00007ffb94f4e000 	C:\Windows\system32\KERNELBASE.dll
0x00007ffb959a0000 - 0x00007ffb95a45000 	C:\Windows\system32\ADVAPI32.dll
0x00007ffb97540000 - 0x00007ffb976b1000 	C:\Windows\system32\USER32.dll
0x00007ffb923a0000 - 0x00007ffb925fa000 	C:\Windows\WinSxS\amd64_microsoft.windows.common-controls_6595b64144ccf1df_6.0.9600.16384_none_62475f7becb72503\COMCTL32.dll
0x00007ffb95ed0000 - 0x00007ffb95f77000 	C:\Windows\system32\msvcrt.dll
0x00007ffb95f80000 - 0x00007ffb95fd7000 	C:\Windows\SYSTEM32\sechost.dll
0x00007ffb95780000 - 0x00007ffb958b6000 	C:\Windows\system32\RPCRT4.dll
0x00007ffb973f0000 - 0x00007ffb97535000 	C:\Windows\system32\GDI32.dll
0x00007ffb952f0000 - 0x00007ffb95324000 	C:\Windows\system32\IMM32.DLL
0x00007ffb95640000 - 0x00007ffb95778000 	C:\Windows\system32\MSCTF.dll
0x000000006a890000 - 0x000000006a962000 	C:\Program Files\Android\Android Studio\jre\jre\bin\msvcr100.dll
0x000000006a970000 - 0x000000006b1ae000 	C:\Program Files\Android\Android Studio\jre\jre\bin\server\jvm.dll
0x00007ffb8c470000 - 0x00007ffb8c479000 	C:\Windows\SYSTEM32\WSOCK32.dll
0x00007ffb86ea0000 - 0x00007ffb86ebf000 	C:\Windows\SYSTEM32\WINMM.dll
0x00007ffb8c220000 - 0x00007ffb8c22a000 	C:\Windows\SYSTEM32\VERSION.dll
0x00007ffb950d0000 - 0x00007ffb950d7000 	C:\Windows\system32\PSAPI.DLL
0x00007ffb95570000 - 0x00007ffb955c8000 	C:\Windows\system32\WS2_32.dll
0x00007ffb86e70000 - 0x00007ffb86e9a000 	C:\Windows\SYSTEM32\WINMMBASE.dll
0x00007ffb958d0000 - 0x00007ffb958d9000 	C:\Windows\system32\NSI.dll
0x00007ffb94c10000 - 0x00007ffb94c5a000 	C:\Windows\SYSTEM32\cfgmgr32.dll
0x00007ffb938c0000 - 0x00007ffb938e6000 	C:\Windows\SYSTEM32\DEVOBJ.dll
0x00007ffb878b0000 - 0x00007ffb878bf000 	C:\Program Files\Android\Android Studio\jre\jre\bin\verify.dll
0x00007ffb87880000 - 0x00007ffb878a9000 	C:\Program Files\Android\Android Studio\jre\jre\bin\java.dll
0x00007ffb87860000 - 0x00007ffb87876000 	C:\Program Files\Android\Android Studio\jre\jre\bin\zip.dll
0x00007ffb95fe0000 - 0x00007ffb973ef000 	C:\Windows\system32\SHELL32.dll
0x00007ffb95c30000 - 0x00007ffb95e07000 	C:\Windows\SYSTEM32\combase.dll
0x00007ffb95e70000 - 0x00007ffb95ec1000 	C:\Windows\system32\SHLWAPI.dll
0x00007ffb93190000 - 0x00007ffb93231000 	C:\Windows\SYSTEM32\SHCORE.dll
0x00007ffb94a40000 - 0x00007ffb94a54000 	C:\Windows\SYSTEM32\profapi.dll
0x00007ffb87840000 - 0x00007ffb8785a000 	C:\Program Files\Android\Android Studio\jre\jre\bin\net.dll
0x00007ffb942a0000 - 0x00007ffb942f8000 	C:\Windows\system32\mswsock.dll
0x00007ffb87820000 - 0x00007ffb87831000 	C:\Program Files\Android\Android Studio\jre\jre\bin\nio.dll
0x00007ffb8cd60000 - 0x00007ffb8cd7e000 	C:\Users\2018.ACER\.gradle\native\25\windows-amd64\native-platform.dll
0x00007ffb875a0000 - 0x00007ffb875ad000 	C:\Program Files\Android\Android Studio\jre\jre\bin\management.dll
0x00007ffb94300000 - 0x00007ffb9431e000 	C:\Windows\SYSTEM32\CRYPTSP.dll
0x00007ffb93f40000 - 0x00007ffb93f75000 	C:\Windows\system32\rsaenh.dll
0x00007ffb94530000 - 0x00007ffb94556000 	C:\Windows\SYSTEM32\bcrypt.dll
0x00007ffb94050000 - 0x00007ffb9406f000 	C:\Windows\SYSTEM32\USERENV.dll
0x00007ffb94850000 - 0x00007ffb948ae000 	C:\Windows\system32\bcryptprimitives.dll
0x00007ffb948b0000 - 0x00007ffb948ba000 	C:\Windows\SYSTEM32\CRYPTBASE.dll
0x00007ffb92090000 - 0x00007ffb920b9000 	C:\Windows\SYSTEM32\IPHLPAPI.DLL
0x00007ffb92060000 - 0x00007ffb9206a000 	C:\Windows\SYSTEM32\WINNSI.DLL
0x00007ffb920e0000 - 0x00007ffb920f4000 	C:\Windows\SYSTEM32\dhcpcsvc6.DLL
0x00007ffb8fcd0000 - 0x00007ffb8fce9000 	C:\Windows\SYSTEM32\dhcpcsvc.DLL

VM Arguments:
jvm_args: -Xmx1536m -Dfile.encoding=windows-1252 -Duser.country=FR -Duser.language=fr -Duser.variant 
java_command: org.gradle.launcher.daemon.bootstrap.GradleDaemon 4.1
java_class_path (initial): C:\Users\2018.ACER\.gradle\wrapper\dists\gradle-4.1-all\bzyivzo6n839fup2jbap0tjew\gradle-4.1\lib\gradle-launcher-4.1.jar
Launcher Type: SUN_STANDARD

Environment Variables:
PATH=C:\ProgramData\Oracle\Java\javapath;C:\Windows\system32;C:\Windows;C:\Windows\System32\Wbem;C:\Windows\System32\WindowsPowerShell\v1.0\
USERNAME=2018
OS=Windows_NT
PROCESSOR_IDENTIFIER=Intel64 Family 6 Model 78 Stepping 3, GenuineIntel



---------------  S Y S T E M  ---------------

OS: Windows 8.1 , 64 bit Build 9600 (6.3.9600.16656)

CPU:total 4 (initial active 4) (2 cores per cpu, 2 threads per core) family 6 model 78 stepping 3, cmov, cx8, fxsr, mmx, sse, sse2, sse3, ssse3, sse4.1, sse4.2, popcnt, avx, avx2, aes, clmul, erms, 3dnowpref, lzcnt, ht, tsc, tscinvbit, bmi1, bmi2, adx

Memory: 4k page, physical 4059364k(154228k free), swap 5632228k(6628k free)

vm_info: OpenJDK 64-Bit Server VM (25.152-b01) for windows-amd64 JRE (1.8.0_152-release-915-b01), built by "builder" with MS VC++ 10.0 (VS2010)

time: Thu Apr 05 17:15:59 2018
elapsed time: 11 seconds (0d 0h 0m 11s)

